<?xml version="1.0" encoding="UTF-8"?>
<!-- Generated by org.testng.reporters.JUnitReportReporter -->
<testsuite hostname="CPX-9EIIB4C72M5" name="TestCase.MainTest" tests="2" failures="0" timestamp="23 May 2023 15:34:58 GMT" time="4.880" errors="0">
  <testcase name="Proceed_Checkout" time="2.339" classname="TestCase.MainTest"/>
  <testcase name="Launch_Application" time="2.541" classname="TestCase.MainTest"/>
</testsuite> <!-- TestCase.MainTest -->
